c:\cs271\prog3 - copy\debug\project.exe
c:\cs271\prog3 - copy\debug\project.ilk
c:\cs271\prog3 - copy\debug\project.pdb
c:\cs271\prog4\debug\project.exe
c:\cs271\prog4\debug\project.ilk
c:\cs271\prog4\debug\project.pdb
c:\cs271\prog5\debug\project.exe
c:\cs271\prog5\debug\project.ilk
c:\cs271\prog5\debug\project.pdb
c:\cs271\prog6\debug\project.exe
c:\cs271\prog6\debug\project.ilk
c:\cs271\prog6\debug\project.pdb
c:\cs271\prog3 - copy\debug\prog3.obj
c:\cs271\prog3 - copy\debug\prog4.obj
c:\cs271\prog4\debug\prog4.obj
c:\cs271\prog5\debug\prog5.obj
c:\cs271\prog6\debug\prog6.obj
c:\cs271\prog6\debug\prog3.obj
c:\cs271\prog6\debug\prog4.obj
c:\cs271\prog6\debug\prog5.obj
c:\cs271\prog6\debug\project.tlog\link.command.1.tlog
c:\cs271\prog6\debug\project.tlog\link.read.1.tlog
c:\cs271\prog6\debug\project.tlog\link.write.1.tlog
c:\cs271\prog6\debug\project.tlog\project.write.1u.tlog
